<?xml version="1.0" encoding="UTF-8"?>
<testng-results skipped="0" failed="0" ignored="0" total="1" passed="1">
  <reporter-output>
  </reporter-output>
  <suite name="Default suite" duration-ms="45646" started-at="2019-07-07T14:35:08Z" finished-at="2019-07-07T14:35:54Z">
    <groups>
    </groups>
    <test name="Default test" duration-ms="45646" started-at="2019-07-07T14:35:08Z" finished-at="2019-07-07T14:35:54Z">
      <class name="Assignment9.Assignment9">
        <test-method status="PASS" signature="openBrowser()[pri:0, instance:Assignment9.Assignment9@6d00a15d]" name="openBrowser" is-config="true" duration-ms="7522" started-at="2019-07-07T14:35:01Z" finished-at="2019-07-07T14:35:08Z">
          <reporter-output>
          </reporter-output>
        </test-method> <!-- openBrowser -->
        <test-method status="PASS" signature="enterApplicationUrl()[pri:0, instance:Assignment9.Assignment9@6d00a15d]" name="enterApplicationUrl" is-config="true" duration-ms="6330" started-at="2019-07-07T14:35:08Z" finished-at="2019-07-07T14:35:14Z">
          <reporter-output>
          </reporter-output>
        </test-method> <!-- enterApplicationUrl -->
        <test-method status="PASS" signature="mximizeBrowser()[pri:0, instance:Assignment9.Assignment9@6d00a15d]" name="mximizeBrowser" is-config="true" duration-ms="1115" started-at="2019-07-07T14:35:14Z" finished-at="2019-07-07T14:35:16Z">
          <reporter-output>
          </reporter-output>
        </test-method> <!-- mximizeBrowser -->
        <test-method status="PASS" signature="export()[pri:0, instance:Assignment9.Assignment9@6d00a15d]" name="export" duration-ms="38171" started-at="2019-07-07T14:35:16Z" finished-at="2019-07-07T14:35:54Z">
          <reporter-output>
          </reporter-output>
        </test-method> <!-- export -->
      </class> <!-- Assignment9.Assignment9 -->
    </test> <!-- Default test -->
  </suite> <!-- Default suite -->
</testng-results>
